<?xml version="1.0" encoding="UTF-8"?>
<!-- Generated by org.testng.reporters.JUnitReportReporter -->
<testsuite skipped="0" hostname="NADEEM-NZ" name="westpacTestCases.westpacUserStoryOneTests" tests="4" failures="0" timestamp="2020-10-05T01:19:13 NZDT" time="14.074" errors="0">
  <testcase name="VerifyAllHelpIconsPresent" time="9.382" classname="westpacTestCases.westpacUserStoryOneTests"/>
  <testcase name="checkUserNavigationToKiwiSaverCalculator" time="3.228" classname="westpacTestCases.westpacUserStoryOneTests"/>
  <testcase name="checkUserlandsOnHomePage" time="0.429" classname="westpacTestCases.westpacUserStoryOneTests"/>
  <testcase name="CheckAcceptanceCriteriaUserStory1" time="1.035" classname="westpacTestCases.westpacUserStoryOneTests"/>
</testsuite> <!-- westpacTestCases.westpacUserStoryOneTests -->
