<?xml version="1.0" encoding="UTF-8"?>
<!-- Generated by org.testng.reporters.JUnitReportReporter -->
<testsuite skipped="0" hostname="NADEEM-NZ" name="westpacTestCases.westpacUserStoryTwoTests" tests="3" failures="0" timestamp="2020-10-05T01:19:13 NZDT" time="27.581" errors="0">
  <testcase name="VerifyUserStoryTwoAcceptCriteriaThree" time="4.511" classname="westpacTestCases.westpacUserStoryTwoTests"/>
  <testcase name="VerifyUserStoryTwoAcceptCriteriaTwo" time="5.122" classname="westpacTestCases.westpacUserStoryTwoTests"/>
  <testcase name="VerifyUserStoryTwoAcceptCriteriaOne" time="17.948" classname="westpacTestCases.westpacUserStoryTwoTests"/>
</testsuite> <!-- westpacTestCases.westpacUserStoryTwoTests -->
