<?xml version="1.0" encoding="UTF-8"?>
<!-- Generated by org.testng.reporters.JUnitReportReporter -->
<testsuite skipped="0" hostname="NADEEM-NZ" name="westpacTestCases.westpacUserStoryTwoTests" tests="3" failures="0" timestamp="2020-10-05T01:22:09 NZDT" time="29.617" errors="0">
  <testcase name="VerifyUserStoryTwoAcceptCriteriaTwo" time="4.723" classname="westpacTestCases.westpacUserStoryTwoTests"/>
  <testcase name="VerifyUserStoryTwoAcceptCriteriaOne" time="14.676" classname="westpacTestCases.westpacUserStoryTwoTests"/>
  <testcase name="VerifyUserStoryTwoAcceptCriteriaThree" time="10.218" classname="westpacTestCases.westpacUserStoryTwoTests"/>
</testsuite> <!-- westpacTestCases.westpacUserStoryTwoTests -->
