<?xml version="1.0" encoding="UTF-8"?>
<!-- Generated by org.testng.reporters.JUnitReportReporter -->
<testsuite skipped="0" hostname="NADEEM-NZ" name="westpacTestCases.westpacUserStoryOneTests" tests="4" failures="0" timestamp="2020-10-05T01:22:09 NZDT" time="14.474" errors="0">
  <testcase name="CheckAcceptanceCriteriaUserStory1" time="1.185" classname="westpacTestCases.westpacUserStoryOneTests"/>
  <testcase name="checkUserlandsOnHomePage" time="0.570" classname="westpacTestCases.westpacUserStoryOneTests"/>
  <testcase name="VerifyAllHelpIconsPresent" time="9.609" classname="westpacTestCases.westpacUserStoryOneTests"/>
  <testcase name="checkUserNavigationToKiwiSaverCalculator" time="3.110" classname="westpacTestCases.westpacUserStoryOneTests"/>
</testsuite> <!-- westpacTestCases.westpacUserStoryOneTests -->
